0 info it worked if it ends with ok
1 verbose cli [ '/usr/bin/node', '/usr/bin/npm', 'start' ]
2 info using npm@6.13.4
3 info using node@v12.16.1
4 verbose run-script [ 'prestart', 'start', 'poststart' ]
5 info lifecycle archmusic@1.0.0~prestart: archmusic@1.0.0
6 info lifecycle archmusic@1.0.0~start: archmusic@1.0.0
7 verbose lifecycle archmusic@1.0.0~start: unsafe-perm in lifecycle true
8 verbose lifecycle archmusic@1.0.0~start: PATH: /usr/lib/node_modules/npm/node_modules/npm-lifecycle/node-gyp-bin:/home/pi/Desktop/archMusic/node_modules/.bin:/home/pi/.local/bin:/usr/local/sbin:/usr/local/bin:/usr/sbin:/usr/bin:/sbin:/bin:/usr/local/games:/usr/games
9 verbose lifecycle archmusic@1.0.0~start: CWD: /home/pi/Desktop/archMusic
10 silly lifecycle archmusic@1.0.0~start: Args: [ '-c', 'node app.js' ]
11 silly lifecycle archmusic@1.0.0~start: Returned: code: 1  signal: null
12 info lifecycle archmusic@1.0.0~start: Failed to exec start script
13 verbose stack Error: archmusic@1.0.0 start: `node app.js`
13 verbose stack Exit status 1
13 verbose stack     at EventEmitter.<anonymous> (/usr/lib/node_modules/npm/node_modules/npm-lifecycle/index.js:332:16)
13 verbose stack     at EventEmitter.emit (events.js:311:20)
13 verbose stack     at ChildProcess.<anonymous> (/usr/lib/node_modules/npm/node_modules/npm-lifecycle/lib/spawn.js:55:14)
13 verbose stack     at ChildProcess.emit (events.js:311:20)
13 verbose stack     at maybeClose (internal/child_process.js:1021:16)
13 verbose stack     at Process.ChildProcess._handle.onexit (internal/child_process.js:286:5)
14 verbose pkgid archmusic@1.0.0
15 verbose cwd /home/pi/Desktop/archMusic
16 verbose Linux 4.19.58-v7+
17 verbose argv "/usr/bin/node" "/usr/bin/npm" "start"
18 verbose node v12.16.1
19 verbose npm  v6.13.4
20 error code ELIFECYCLE
21 error errno 1
22 error archmusic@1.0.0 start: `node app.js`
22 error Exit status 1
23 error Failed at the archmusic@1.0.0 start script.
23 error This is probably not a problem with npm. There is likely additional logging output above.
24 verbose exit [ 1, true ]
